<?xml version="1.0" encoding="UTF-8"?>
<!-- Generated by org.testng.reporters.JUnitReportReporter -->
<testsuite hostname="Ramkumars-MacBook-Air.local" failures="0" tests="1" name="com.qa.rest.test.GetCallBDD" time="3.337" errors="0" timestamp="2023-02-25T13:09:35 IST" skipped="0">
  <testcase classname="com.qa.rest.test.GetCallBDD" name="test_numberOfCircuitsFor2017_Season" time="3.337"/>
  <system-out/>
</testsuite> <!-- com.qa.rest.test.GetCallBDD -->
